<?xml version="1.0" encoding="UTF-8"?>
<!-- Generated by org.testng.reporters.JUnitXMLReporter -->
<testsuite hostname="Anastasiyas-MacBook-Pro.local" ignored="0" name="All Functionalities" tests="8" failures="0" timestamp="2023-01-22T20:36:46 CST" time="92.604" errors="0">
  <testcase name="validateLoginFormCard" time="0.471" classname="scripts.TechGlobalLoginFormCardTest"/>
  <testcase name="validateLoginWithValidCredentials" time="2.354" classname="scripts.TechGlobalLoginFormCardTest"/>
  <testcase name="validateLoginWithValidCredentialsAndThanLogout" time="1.504" classname="scripts.TechGlobalLoginFormCardTest"/>
  <testcase name="validateLoginWithWrongUsername" time="1.875" classname="scripts.TechGlobalLoginFormCardTest"/>
  <testcase name="validateLoginWithValidUsernameAndInvalidPassword" time="1.073" classname="scripts.TechGlobalLoginFormCardTest"/>
  <testcase name="validateLoginWithInvalidCredentials" time="0.894" classname="scripts.TechGlobalLoginFormCardTest"/>
  <testcase name="validateForgotPasswordLink" time="0.19" classname="scripts.TechGlobalResetPasswordTest"/>
  <testcase name="validateResetPasswordLink" time="0.88" classname="scripts.TechGlobalResetPasswordTest"/>
</testsuite> <!-- All Functionalities -->
