<?xml version="1.0" encoding="UTF-8"?>
<!-- Generated by org.testng.reporters.JUnitXMLReporter -->
<testsuite hostname="Anastasiyas-MBP.local.tld" ignored="0" name="All Functionalities" tests="8" failures="0" timestamp="2023-01-23T17:14:41 CST" time="95.444" errors="0">
  <testcase name="validateLoginFormCard" time="0.427" classname="scripts.TechGlobalLoginFormCardTest"/>
  <testcase name="validateLoginWithValidCredentials" time="2.221" classname="scripts.TechGlobalLoginFormCardTest"/>
  <testcase name="validateLoginWithValidCredentialsAndThanLogout" time="2.468" classname="scripts.TechGlobalLoginFormCardTest"/>
  <testcase name="validateLoginWithWrongUsername" time="0.934" classname="scripts.TechGlobalLoginFormCardTest"/>
  <testcase name="validateLoginWithValidUsernameAndInvalidPassword" time="2.009" classname="scripts.TechGlobalLoginFormCardTest"/>
  <testcase name="validateLoginWithInvalidCredentials" time="1.767" classname="scripts.TechGlobalLoginFormCardTest"/>
  <testcase name="validateForgotPasswordLink" time="0.214" classname="scripts.TechGlobalResetPasswordTest"/>
  <testcase name="validateResetPasswordLink" time="1.815" classname="scripts.TechGlobalResetPasswordTest"/>
</testsuite> <!-- All Functionalities -->
