<?xml version="1.0" encoding="UTF-8"?>
<!-- Generated by org.testng.reporters.JUnitXMLReporter -->
<testsuite hostname="Anastasiyas-MacBook-Pro.local" ignored="0" name="Command line test" tests="8" failures="0" timestamp="2023-01-22T20:09:03 CST" time="90.906" errors="0">
  <testcase name="validateLoginFormCard" time="0.446" classname="scripts.TechGlobalLoginFormCardTest"/>
  <testcase name="validateLoginWithValidCredentials" time="2.261" classname="scripts.TechGlobalLoginFormCardTest"/>
  <testcase name="validateLoginWithValidCredentialsAndThanLogout" time="1.506" classname="scripts.TechGlobalLoginFormCardTest"/>
  <testcase name="validateLoginWithWrongUsername" time="0.966" classname="scripts.TechGlobalLoginFormCardTest"/>
  <testcase name="validateLoginWithValidUsernameAndInvalidPassword" time="2.022" classname="scripts.TechGlobalLoginFormCardTest"/>
  <testcase name="validateLoginWithInvalidCredentials" time="1.914" classname="scripts.TechGlobalLoginFormCardTest"/>
  <testcase name="validateForgotPasswordLink" time="0.299" classname="scripts.TechGlobalResetPasswordTest"/>
  <testcase name="validateResetPasswordLink" time="1.897" classname="scripts.TechGlobalResetPasswordTest"/>
</testsuite> <!-- Command line test -->
