<?xml version="1.0" encoding="UTF-8"?>
<testng-results skipped="0" failed="0" ignored="0" total="8" passed="8">
  <reporter-output>
  </reporter-output>
  <suite name="Regression" duration-ms="92604" started-at="2023-01-22T20:35:13 CST" finished-at="2023-01-22T20:36:46 CST">
    <groups>
    </groups>
    <test name="All Functionalities" duration-ms="92604" started-at="2023-01-22T20:35:13 CST" finished-at="2023-01-22T20:36:46 CST">
      <class name="scripts.TechGlobalResetPasswordTest">
        <test-method status="PASS" signature="setup()[pri:0, instance:scripts.TechGlobalResetPasswordTest@6a41eaa2]" name="setup" is-config="true" duration-ms="7459" started-at="2023-01-22T20:36:24 CST" finished-at="2023-01-22T20:36:31 CST">
          <reporter-output>
          </reporter-output>
        </test-method> <!-- setup -->
        <test-method status="PASS" signature="setPage()[pri:0, instance:scripts.TechGlobalResetPasswordTest@6a41eaa2]" name="setPage" is-config="true" duration-ms="2640" started-at="2023-01-22T20:36:31 CST" finished-at="2023-01-22T20:36:34 CST">
          <reporter-output>
          </reporter-output>
        </test-method> <!-- setPage -->
        <test-method status="PASS" signature="validateForgotPasswordLink()[pri:1, instance:scripts.TechGlobalResetPasswordTest@6a41eaa2]" name="validateForgotPasswordLink" duration-ms="190" started-at="2023-01-22T20:36:34 CST" description="Validate TechGlobal Login Form card Forgot Password? Link and Reset Password page" finished-at="2023-01-22T20:36:34 CST">
          <reporter-output>
          </reporter-output>
        </test-method> <!-- validateForgotPasswordLink -->
        <test-method status="PASS" signature="teardown()[pri:0, instance:scripts.TechGlobalResetPasswordTest@6a41eaa2]" name="teardown" is-config="true" duration-ms="89" started-at="2023-01-22T20:36:34 CST" finished-at="2023-01-22T20:36:34 CST">
          <reporter-output>
          </reporter-output>
        </test-method> <!-- teardown -->
        <test-method status="PASS" signature="setup()[pri:0, instance:scripts.TechGlobalResetPasswordTest@6a41eaa2]" name="setup" is-config="true" duration-ms="7324" started-at="2023-01-22T20:36:34 CST" finished-at="2023-01-22T20:36:41 CST">
          <reporter-output>
          </reporter-output>
        </test-method> <!-- setup -->
        <test-method status="PASS" signature="setPage()[pri:0, instance:scripts.TechGlobalResetPasswordTest@6a41eaa2]" name="setPage" is-config="true" duration-ms="3117" started-at="2023-01-22T20:36:41 CST" finished-at="2023-01-22T20:36:45 CST">
          <reporter-output>
          </reporter-output>
        </test-method> <!-- setPage -->
        <test-method status="PASS" signature="validateResetPasswordLink()[pri:2, instance:scripts.TechGlobalResetPasswordTest@6a41eaa2]" name="validateResetPasswordLink" duration-ms="880" started-at="2023-01-22T20:36:45 CST" description="Validate TechGlobal Login Form card Reset Password link" finished-at="2023-01-22T20:36:45 CST">
          <reporter-output>
          </reporter-output>
        </test-method> <!-- validateResetPasswordLink -->
        <test-method status="PASS" signature="teardown()[pri:0, instance:scripts.TechGlobalResetPasswordTest@6a41eaa2]" name="teardown" is-config="true" duration-ms="87" started-at="2023-01-22T20:36:45 CST" finished-at="2023-01-22T20:36:46 CST">
          <reporter-output>
          </reporter-output>
        </test-method> <!-- teardown -->
      </class> <!-- scripts.TechGlobalResetPasswordTest -->
      <class name="scripts.TechGlobalLoginFormCardTest">
        <test-method status="PASS" signature="setup()[pri:0, instance:scripts.TechGlobalLoginFormCardTest@685cb137]" name="setup" is-config="true" duration-ms="9501" started-at="2023-01-22T20:35:13 CST" finished-at="2023-01-22T20:35:22 CST">
          <reporter-output>
          </reporter-output>
        </test-method> <!-- setup -->
        <test-method status="PASS" signature="setPage()[pri:0, instance:scripts.TechGlobalLoginFormCardTest@685cb137]" name="setPage" is-config="true" duration-ms="2822" started-at="2023-01-22T20:35:22 CST" finished-at="2023-01-22T20:35:25 CST">
          <reporter-output>
          </reporter-output>
        </test-method> <!-- setPage -->
        <test-method status="PASS" signature="validateLoginFormCard()[pri:1, instance:scripts.TechGlobalLoginFormCardTest@685cb137]" name="validateLoginFormCard" duration-ms="471" started-at="2023-01-22T20:35:25 CST" description="Validate TechGlobal Login Form card" finished-at="2023-01-22T20:35:26 CST">
          <reporter-output>
          </reporter-output>
        </test-method> <!-- validateLoginFormCard -->
        <test-method status="PASS" signature="teardown()[pri:0, instance:scripts.TechGlobalLoginFormCardTest@685cb137]" name="teardown" is-config="true" duration-ms="86" started-at="2023-01-22T20:35:26 CST" finished-at="2023-01-22T20:35:26 CST">
          <reporter-output>
          </reporter-output>
        </test-method> <!-- teardown -->
        <test-method status="PASS" signature="setup()[pri:0, instance:scripts.TechGlobalLoginFormCardTest@685cb137]" name="setup" is-config="true" duration-ms="7373" started-at="2023-01-22T20:35:26 CST" finished-at="2023-01-22T20:35:33 CST">
          <reporter-output>
          </reporter-output>
        </test-method> <!-- setup -->
        <test-method status="PASS" signature="setPage()[pri:0, instance:scripts.TechGlobalLoginFormCardTest@685cb137]" name="setPage" is-config="true" duration-ms="1999" started-at="2023-01-22T20:35:33 CST" finished-at="2023-01-22T20:35:35 CST">
          <reporter-output>
          </reporter-output>
        </test-method> <!-- setPage -->
        <test-method status="PASS" signature="validateLoginWithValidCredentials()[pri:2, instance:scripts.TechGlobalLoginFormCardTest@685cb137]" name="validateLoginWithValidCredentials" duration-ms="2354" started-at="2023-01-22T20:35:35 CST" description="Validate TechGlobal Login Form card valid login" finished-at="2023-01-22T20:35:38 CST">
          <reporter-output>
          </reporter-output>
        </test-method> <!-- validateLoginWithValidCredentials -->
        <test-method status="PASS" signature="teardown()[pri:0, instance:scripts.TechGlobalLoginFormCardTest@685cb137]" name="teardown" is-config="true" duration-ms="85" started-at="2023-01-22T20:35:38 CST" finished-at="2023-01-22T20:35:38 CST">
          <reporter-output>
          </reporter-output>
        </test-method> <!-- teardown -->
        <test-method status="PASS" signature="setup()[pri:0, instance:scripts.TechGlobalLoginFormCardTest@685cb137]" name="setup" is-config="true" duration-ms="6960" started-at="2023-01-22T20:35:38 CST" finished-at="2023-01-22T20:35:45 CST">
          <reporter-output>
          </reporter-output>
        </test-method> <!-- setup -->
        <test-method status="PASS" signature="setPage()[pri:0, instance:scripts.TechGlobalLoginFormCardTest@685cb137]" name="setPage" is-config="true" duration-ms="3287" started-at="2023-01-22T20:35:45 CST" finished-at="2023-01-22T20:35:48 CST">
          <reporter-output>
          </reporter-output>
        </test-method> <!-- setPage -->
        <test-method status="PASS" signature="validateLoginWithValidCredentialsAndThanLogout()[pri:3, instance:scripts.TechGlobalLoginFormCardTest@685cb137]" name="validateLoginWithValidCredentialsAndThanLogout" duration-ms="1504" started-at="2023-01-22T20:35:48 CST" description="Validate TechGlobal Login Form card valid login and then logout" finished-at="2023-01-22T20:35:49 CST">
          <reporter-output>
          </reporter-output>
        </test-method> <!-- validateLoginWithValidCredentialsAndThanLogout -->
        <test-method status="PASS" signature="teardown()[pri:0, instance:scripts.TechGlobalLoginFormCardTest@685cb137]" name="teardown" is-config="true" duration-ms="91" started-at="2023-01-22T20:35:49 CST" finished-at="2023-01-22T20:35:50 CST">
          <reporter-output>
          </reporter-output>
        </test-method> <!-- teardown -->
        <test-method status="PASS" signature="setup()[pri:0, instance:scripts.TechGlobalLoginFormCardTest@685cb137]" name="setup" is-config="true" duration-ms="7344" started-at="2023-01-22T20:35:50 CST" finished-at="2023-01-22T20:35:57 CST">
          <reporter-output>
          </reporter-output>
        </test-method> <!-- setup -->
        <test-method status="PASS" signature="setPage()[pri:0, instance:scripts.TechGlobalLoginFormCardTest@685cb137]" name="setPage" is-config="true" duration-ms="2012" started-at="2023-01-22T20:35:57 CST" finished-at="2023-01-22T20:35:59 CST">
          <reporter-output>
          </reporter-output>
        </test-method> <!-- setPage -->
        <test-method status="PASS" signature="validateLoginWithWrongUsername()[pri:4, instance:scripts.TechGlobalLoginFormCardTest@685cb137]" name="validateLoginWithWrongUsername" duration-ms="1875" started-at="2023-01-22T20:35:59 CST" description="Validate TechGlobal Login Form card invalid login with wrong username" finished-at="2023-01-22T20:36:01 CST">
          <reporter-output>
          </reporter-output>
        </test-method> <!-- validateLoginWithWrongUsername -->
        <test-method status="PASS" signature="teardown()[pri:0, instance:scripts.TechGlobalLoginFormCardTest@685cb137]" name="teardown" is-config="true" duration-ms="86" started-at="2023-01-22T20:36:01 CST" finished-at="2023-01-22T20:36:01 CST">
          <reporter-output>
          </reporter-output>
        </test-method> <!-- teardown -->
        <test-method status="PASS" signature="setup()[pri:0, instance:scripts.TechGlobalLoginFormCardTest@685cb137]" name="setup" is-config="true" duration-ms="7140" started-at="2023-01-22T20:36:01 CST" finished-at="2023-01-22T20:36:08 CST">
          <reporter-output>
          </reporter-output>
        </test-method> <!-- setup -->
        <test-method status="PASS" signature="setPage()[pri:0, instance:scripts.TechGlobalLoginFormCardTest@685cb137]" name="setPage" is-config="true" duration-ms="3256" started-at="2023-01-22T20:36:08 CST" finished-at="2023-01-22T20:36:11 CST">
          <reporter-output>
          </reporter-output>
        </test-method> <!-- setPage -->
        <test-method status="PASS" signature="validateLoginWithValidUsernameAndInvalidPassword()[pri:5, instance:scripts.TechGlobalLoginFormCardTest@685cb137]" name="validateLoginWithValidUsernameAndInvalidPassword" duration-ms="1073" started-at="2023-01-22T20:36:11 CST" description="Validate TechGlobal Login Form card invalid login with wrong password" finished-at="2023-01-22T20:36:12 CST">
          <reporter-output>
          </reporter-output>
        </test-method> <!-- validateLoginWithValidUsernameAndInvalidPassword -->
        <test-method status="PASS" signature="teardown()[pri:0, instance:scripts.TechGlobalLoginFormCardTest@685cb137]" name="teardown" is-config="true" duration-ms="82" started-at="2023-01-22T20:36:12 CST" finished-at="2023-01-22T20:36:12 CST">
          <reporter-output>
          </reporter-output>
        </test-method> <!-- teardown -->
        <test-method status="PASS" signature="setup()[pri:0, instance:scripts.TechGlobalLoginFormCardTest@685cb137]" name="setup" is-config="true" duration-ms="7424" started-at="2023-01-22T20:36:12 CST" finished-at="2023-01-22T20:36:20 CST">
          <reporter-output>
          </reporter-output>
        </test-method> <!-- setup -->
        <test-method status="PASS" signature="setPage()[pri:0, instance:scripts.TechGlobalLoginFormCardTest@685cb137]" name="setPage" is-config="true" duration-ms="2922" started-at="2023-01-22T20:36:20 CST" finished-at="2023-01-22T20:36:23 CST">
          <reporter-output>
          </reporter-output>
        </test-method> <!-- setPage -->
        <test-method status="PASS" signature="validateLoginWithInvalidCredentials()[pri:6, instance:scripts.TechGlobalLoginFormCardTest@685cb137]" name="validateLoginWithInvalidCredentials" duration-ms="894" started-at="2023-01-22T20:36:23 CST" description="Validate TechGlobal Login Form card invalid login with both wrong credentials" finished-at="2023-01-22T20:36:24 CST">
          <reporter-output>
          </reporter-output>
        </test-method> <!-- validateLoginWithInvalidCredentials -->
        <test-method status="PASS" signature="teardown()[pri:0, instance:scripts.TechGlobalLoginFormCardTest@685cb137]" name="teardown" is-config="true" duration-ms="84" started-at="2023-01-22T20:36:24 CST" finished-at="2023-01-22T20:36:24 CST">
          <reporter-output>
          </reporter-output>
        </test-method> <!-- teardown -->
      </class> <!-- scripts.TechGlobalLoginFormCardTest -->
    </test> <!-- All Functionalities -->
  </suite> <!-- Regression -->
</testng-results>
