<?xml version="1.0" encoding="UTF-8"?>
<testng-results skipped="0" failed="0" ignored="0" total="8" passed="8">
  <reporter-output>
  </reporter-output>
  <suite name="Command line suite" duration-ms="90906" started-at="2023-01-22T20:07:32 CST" finished-at="2023-01-22T20:09:03 CST">
    <groups>
    </groups>
    <test name="Command line test" duration-ms="90906" started-at="2023-01-22T20:07:32 CST" finished-at="2023-01-22T20:09:03 CST">
      <class name="scripts.TechGlobalResetPasswordTest">
        <test-method status="PASS" signature="setup()[pri:0, instance:scripts.TechGlobalResetPasswordTest@e25b2fe]" name="setup" is-config="true" duration-ms="7258" started-at="2023-01-22T20:08:41 CST" finished-at="2023-01-22T20:08:48 CST">
          <reporter-output>
          </reporter-output>
        </test-method> <!-- setup -->
        <test-method status="PASS" signature="setPage()[pri:0, instance:scripts.TechGlobalResetPasswordTest@e25b2fe]" name="setPage" is-config="true" duration-ms="2271" started-at="2023-01-22T20:08:48 CST" finished-at="2023-01-22T20:08:51 CST">
          <reporter-output>
          </reporter-output>
        </test-method> <!-- setPage -->
        <test-method status="PASS" signature="validateForgotPasswordLink()[pri:1, instance:scripts.TechGlobalResetPasswordTest@e25b2fe]" name="validateForgotPasswordLink" duration-ms="299" started-at="2023-01-22T20:08:51 CST" description="Validate TechGlobal Login Form card Forgot Password? Link and Reset Password page" finished-at="2023-01-22T20:08:51 CST">
          <reporter-output>
          </reporter-output>
        </test-method> <!-- validateForgotPasswordLink -->
        <test-method status="PASS" signature="teardown()[pri:0, instance:scripts.TechGlobalResetPasswordTest@e25b2fe]" name="teardown" is-config="true" duration-ms="86" started-at="2023-01-22T20:08:51 CST" finished-at="2023-01-22T20:08:51 CST">
          <reporter-output>
          </reporter-output>
        </test-method> <!-- teardown -->
        <test-method status="PASS" signature="setup()[pri:0, instance:scripts.TechGlobalResetPasswordTest@e25b2fe]" name="setup" is-config="true" duration-ms="7320" started-at="2023-01-22T20:08:51 CST" finished-at="2023-01-22T20:08:58 CST">
          <reporter-output>
          </reporter-output>
        </test-method> <!-- setup -->
        <test-method status="PASS" signature="setPage()[pri:0, instance:scripts.TechGlobalResetPasswordTest@e25b2fe]" name="setPage" is-config="true" duration-ms="2243" started-at="2023-01-22T20:08:58 CST" finished-at="2023-01-22T20:09:01 CST">
          <reporter-output>
          </reporter-output>
        </test-method> <!-- setPage -->
        <test-method status="PASS" signature="validateResetPasswordLink()[pri:2, instance:scripts.TechGlobalResetPasswordTest@e25b2fe]" name="validateResetPasswordLink" duration-ms="1897" started-at="2023-01-22T20:09:01 CST" description="Validate TechGlobal Login Form card Reset Password link" finished-at="2023-01-22T20:09:03 CST">
          <reporter-output>
          </reporter-output>
        </test-method> <!-- validateResetPasswordLink -->
        <test-method status="PASS" signature="teardown()[pri:0, instance:scripts.TechGlobalResetPasswordTest@e25b2fe]" name="teardown" is-config="true" duration-ms="81" started-at="2023-01-22T20:09:03 CST" finished-at="2023-01-22T20:09:03 CST">
          <reporter-output>
          </reporter-output>
        </test-method> <!-- teardown -->
      </class> <!-- scripts.TechGlobalResetPasswordTest -->
      <class name="scripts.TechGlobalLoginFormCardTest">
        <test-method status="PASS" signature="setup()[pri:0, instance:scripts.TechGlobalLoginFormCardTest@204f30ec]" name="setup" is-config="true" duration-ms="8531" started-at="2023-01-22T20:07:32 CST" finished-at="2023-01-22T20:07:40 CST">
          <reporter-output>
          </reporter-output>
        </test-method> <!-- setup -->
        <test-method status="PASS" signature="setPage()[pri:0, instance:scripts.TechGlobalLoginFormCardTest@204f30ec]" name="setPage" is-config="true" duration-ms="1974" started-at="2023-01-22T20:07:40 CST" finished-at="2023-01-22T20:07:42 CST">
          <reporter-output>
          </reporter-output>
        </test-method> <!-- setPage -->
        <test-method status="PASS" signature="validateLoginFormCard()[pri:1, instance:scripts.TechGlobalLoginFormCardTest@204f30ec]" name="validateLoginFormCard" duration-ms="446" started-at="2023-01-22T20:07:42 CST" description="Validate TechGlobal Login Form card" finished-at="2023-01-22T20:07:43 CST">
          <reporter-output>
          </reporter-output>
        </test-method> <!-- validateLoginFormCard -->
        <test-method status="PASS" signature="teardown()[pri:0, instance:scripts.TechGlobalLoginFormCardTest@204f30ec]" name="teardown" is-config="true" duration-ms="87" started-at="2023-01-22T20:07:43 CST" finished-at="2023-01-22T20:07:43 CST">
          <reporter-output>
          </reporter-output>
        </test-method> <!-- teardown -->
        <test-method status="PASS" signature="setup()[pri:0, instance:scripts.TechGlobalLoginFormCardTest@204f30ec]" name="setup" is-config="true" duration-ms="7096" started-at="2023-01-22T20:07:43 CST" finished-at="2023-01-22T20:07:50 CST">
          <reporter-output>
          </reporter-output>
        </test-method> <!-- setup -->
        <test-method status="PASS" signature="setPage()[pri:0, instance:scripts.TechGlobalLoginFormCardTest@204f30ec]" name="setPage" is-config="true" duration-ms="2528" started-at="2023-01-22T20:07:50 CST" finished-at="2023-01-22T20:07:52 CST">
          <reporter-output>
          </reporter-output>
        </test-method> <!-- setPage -->
        <test-method status="PASS" signature="validateLoginWithValidCredentials()[pri:2, instance:scripts.TechGlobalLoginFormCardTest@204f30ec]" name="validateLoginWithValidCredentials" duration-ms="2261" started-at="2023-01-22T20:07:52 CST" description="Validate TechGlobal Login Form card valid login" finished-at="2023-01-22T20:07:55 CST">
          <reporter-output>
          </reporter-output>
        </test-method> <!-- validateLoginWithValidCredentials -->
        <test-method status="PASS" signature="teardown()[pri:0, instance:scripts.TechGlobalLoginFormCardTest@204f30ec]" name="teardown" is-config="true" duration-ms="85" started-at="2023-01-22T20:07:55 CST" finished-at="2023-01-22T20:07:55 CST">
          <reporter-output>
          </reporter-output>
        </test-method> <!-- teardown -->
        <test-method status="PASS" signature="setup()[pri:0, instance:scripts.TechGlobalLoginFormCardTest@204f30ec]" name="setup" is-config="true" duration-ms="7506" started-at="2023-01-22T20:07:55 CST" finished-at="2023-01-22T20:08:02 CST">
          <reporter-output>
          </reporter-output>
        </test-method> <!-- setup -->
        <test-method status="PASS" signature="setPage()[pri:0, instance:scripts.TechGlobalLoginFormCardTest@204f30ec]" name="setPage" is-config="true" duration-ms="2847" started-at="2023-01-22T20:08:02 CST" finished-at="2023-01-22T20:08:05 CST">
          <reporter-output>
          </reporter-output>
        </test-method> <!-- setPage -->
        <test-method status="PASS" signature="validateLoginWithValidCredentialsAndThanLogout()[pri:3, instance:scripts.TechGlobalLoginFormCardTest@204f30ec]" name="validateLoginWithValidCredentialsAndThanLogout" duration-ms="1506" started-at="2023-01-22T20:08:05 CST" description="Validate TechGlobal Login Form card valid login and then logout" finished-at="2023-01-22T20:08:07 CST">
          <reporter-output>
          </reporter-output>
        </test-method> <!-- validateLoginWithValidCredentialsAndThanLogout -->
        <test-method status="PASS" signature="teardown()[pri:0, instance:scripts.TechGlobalLoginFormCardTest@204f30ec]" name="teardown" is-config="true" duration-ms="94" started-at="2023-01-22T20:08:07 CST" finished-at="2023-01-22T20:08:07 CST">
          <reporter-output>
          </reporter-output>
        </test-method> <!-- teardown -->
        <test-method status="PASS" signature="setup()[pri:0, instance:scripts.TechGlobalLoginFormCardTest@204f30ec]" name="setup" is-config="true" duration-ms="7031" started-at="2023-01-22T20:08:07 CST" finished-at="2023-01-22T20:08:14 CST">
          <reporter-output>
          </reporter-output>
        </test-method> <!-- setup -->
        <test-method status="PASS" signature="setPage()[pri:0, instance:scripts.TechGlobalLoginFormCardTest@204f30ec]" name="setPage" is-config="true" duration-ms="3202" started-at="2023-01-22T20:08:14 CST" finished-at="2023-01-22T20:08:17 CST">
          <reporter-output>
          </reporter-output>
        </test-method> <!-- setPage -->
        <test-method status="PASS" signature="validateLoginWithWrongUsername()[pri:4, instance:scripts.TechGlobalLoginFormCardTest@204f30ec]" name="validateLoginWithWrongUsername" duration-ms="966" started-at="2023-01-22T20:08:17 CST" description="Validate TechGlobal Login Form card invalid login with wrong username" finished-at="2023-01-22T20:08:18 CST">
          <reporter-output>
          </reporter-output>
        </test-method> <!-- validateLoginWithWrongUsername -->
        <test-method status="PASS" signature="teardown()[pri:0, instance:scripts.TechGlobalLoginFormCardTest@204f30ec]" name="teardown" is-config="true" duration-ms="85" started-at="2023-01-22T20:08:18 CST" finished-at="2023-01-22T20:08:18 CST">
          <reporter-output>
          </reporter-output>
        </test-method> <!-- teardown -->
        <test-method status="PASS" signature="setup()[pri:0, instance:scripts.TechGlobalLoginFormCardTest@204f30ec]" name="setup" is-config="true" duration-ms="6985" started-at="2023-01-22T20:08:18 CST" finished-at="2023-01-22T20:08:25 CST">
          <reporter-output>
          </reporter-output>
        </test-method> <!-- setup -->
        <test-method status="PASS" signature="setPage()[pri:0, instance:scripts.TechGlobalLoginFormCardTest@204f30ec]" name="setPage" is-config="true" duration-ms="2482" started-at="2023-01-22T20:08:25 CST" finished-at="2023-01-22T20:08:28 CST">
          <reporter-output>
          </reporter-output>
        </test-method> <!-- setPage -->
        <test-method status="PASS" signature="validateLoginWithValidUsernameAndInvalidPassword()[pri:5, instance:scripts.TechGlobalLoginFormCardTest@204f30ec]" name="validateLoginWithValidUsernameAndInvalidPassword" duration-ms="2022" started-at="2023-01-22T20:08:28 CST" description="Validate TechGlobal Login Form card invalid login with wrong password" finished-at="2023-01-22T20:08:30 CST">
          <reporter-output>
          </reporter-output>
        </test-method> <!-- validateLoginWithValidUsernameAndInvalidPassword -->
        <test-method status="PASS" signature="teardown()[pri:0, instance:scripts.TechGlobalLoginFormCardTest@204f30ec]" name="teardown" is-config="true" duration-ms="84" started-at="2023-01-22T20:08:30 CST" finished-at="2023-01-22T20:08:30 CST">
          <reporter-output>
          </reporter-output>
        </test-method> <!-- teardown -->
        <test-method status="PASS" signature="setup()[pri:0, instance:scripts.TechGlobalLoginFormCardTest@204f30ec]" name="setup" is-config="true" duration-ms="7449" started-at="2023-01-22T20:08:30 CST" finished-at="2023-01-22T20:08:37 CST">
          <reporter-output>
          </reporter-output>
        </test-method> <!-- setup -->
        <test-method status="PASS" signature="setPage()[pri:0, instance:scripts.TechGlobalLoginFormCardTest@204f30ec]" name="setPage" is-config="true" duration-ms="2078" started-at="2023-01-22T20:08:37 CST" finished-at="2023-01-22T20:08:39 CST">
          <reporter-output>
          </reporter-output>
        </test-method> <!-- setPage -->
        <test-method status="PASS" signature="validateLoginWithInvalidCredentials()[pri:6, instance:scripts.TechGlobalLoginFormCardTest@204f30ec]" name="validateLoginWithInvalidCredentials" duration-ms="1914" started-at="2023-01-22T20:08:39 CST" description="Validate TechGlobal Login Form card invalid login with both wrong credentials" finished-at="2023-01-22T20:08:41 CST">
          <reporter-output>
          </reporter-output>
        </test-method> <!-- validateLoginWithInvalidCredentials -->
        <test-method status="PASS" signature="teardown()[pri:0, instance:scripts.TechGlobalLoginFormCardTest@204f30ec]" name="teardown" is-config="true" duration-ms="82" started-at="2023-01-22T20:08:41 CST" finished-at="2023-01-22T20:08:41 CST">
          <reporter-output>
          </reporter-output>
        </test-method> <!-- teardown -->
      </class> <!-- scripts.TechGlobalLoginFormCardTest -->
    </test> <!-- Command line test -->
  </suite> <!-- Command line suite -->
</testng-results>
